<?xml version="1.0" encoding="UTF-8"?>
<!-- Generated by org.testng.reporters.JUnitReportReporter -->
<testsuite hostname="DESKTOP-CC3AF9Q" failures="0" tests="1" name="TestScripts.Test_PracticeScenarios" time="42.500" errors="0" timestamp="16 Jul 2019 21:36:39 GMT">
  <testcase classname="TestScripts.Test_PracticeScenarios" name="Test_ValidLogin" time="42.500"/>
</testsuite> <!-- TestScripts.Test_PracticeScenarios -->
