<?xml version="1.0" encoding="UTF-8"?>
<!-- Generated by org.testng.reporters.JUnitReportReporter -->
<testsuite hostname="DESKTOP-CC3AF9Q" failures="0" tests="2" name="HomeTask.BaseClass" time="0.018" errors="0" timestamp="15 Jul 2019 23:51:52 GMT">
  <testcase classname="HomeTask.BaseClass" name="rttest" time="0.003"/>
  <testcase classname="HomeTask.BaseClass" name="Test" time="0.015"/>
</testsuite> <!-- HomeTask.BaseClass -->
